        -:    0:Source:dominion.c
        -:    0:Graph:dominion.gcno
        -:    0:Data:dominion.gcda
        -:    0:Runs:8
        -:    0:Programs:8
        -:    1:#include "dominion.h"
        -:    2:#include "dominion_helpers.h"  
        -:    3:#include "rngs.h"
        -:    4:#include <stdio.h>
        -:    5:#include <math.h>
        -:    6:#include <stdlib.h>
        -:    7:
  4260600:    8:int compare(const void* a, const void* b) {
  4260600:    9:	if (*(int*)a > *(int*)b)
    #####:   10:	return 1;
  4260600:   11:	if (*(int*)a < *(int*)b)
  1136160:   12:	return -1;
  3124440:   13:	return 0;
        -:   14:}
        -:   15:
    #####:   16:struct gameState* newGame() {
    #####:   17:	struct gameState* g = malloc(sizeof(struct gameState));
    #####:   18:	return g;
        -:   19:}
        -:   20:
    #####:   21:int* kingdomCards(int k1, int k2, int k3, int k4, int k5, int k6, int k7,
        -:   22:int k8, int k9, int k10) {
    #####:   23:	int* k = malloc(10 * sizeof(int));
    #####:   24:	k[0] = k1;
    #####:   25:	k[1] = k2;
    #####:   26:	k[2] = k3;
    #####:   27:	k[3] = k4;
    #####:   28:	k[4] = k5;
    #####:   29:	k[5] = k6;
    #####:   30:	k[6] = k7;
    #####:   31:	k[7] = k8;
    #####:   32:	k[8] = k9;
    #####:   33:	k[9] = k10;
    #####:   34:	return k;
        -:   35:}
        -:   36:
    71010:   37:int initializeGame(int numPlayers, int kingdomCards[10], int randomSeed,
        -:   38:struct gameState *state) {
        -:   39:
        -:   40:	int i;
        -:   41:	int j;
        -:   42:	int it;			
        -:   43:	//set up random number generator
    71010:   44:	SelectStream(1);
    71010:   45:	PutSeed((long)randomSeed);
        -:   46:
        -:   47:	//check number of players
    71010:   48:	if (numPlayers > MAX_PLAYERS || numPlayers < 2)
        -:   49:	{
    #####:   50:		return -1;
        -:   51:	}
        -:   52:
        -:   53:	//set number of players
    71010:   54:	state->numPlayers = numPlayers;
        -:   55:
        -:   56:	//check selected kingdom cards are different
   781110:   57:	for (i = 0; i < 10; i++)
        -:   58:	{
  7811100:   59:		for (j = 0; j < 10; j++)
        -:   60:		{
  7101000:   61:			if (j != i && kingdomCards[j] == kingdomCards[i])
        -:   62:			{
    #####:   63:				return -1;
        -:   64:			}
        -:   65:		}
        -:   66:	}
        -:   67:
        -:   68:
        -:   69:	//initialize supply
        -:   70:	///////////////////////////////
        -:   71:
        -:   72:	//set number of Curse cards
    71010:   73:	if (numPlayers == 2)
        -:   74:	{
    #####:   75:		state->supplyCount[curse] = 10;
        -:   76:	}
    71010:   77:	else if (numPlayers == 3)
        -:   78:	{
    #####:   79:		state->supplyCount[curse] = 20;
        -:   80:	}
        -:   81:	else
        -:   82:	{
    71010:   83:		state->supplyCount[curse] = 30;
        -:   84:	}
        -:   85:
        -:   86:	//set number of Victory cards
    71010:   87:	if (numPlayers == 2)
        -:   88:	{
    #####:   89:		state->supplyCount[estate] = 8;
    #####:   90:		state->supplyCount[duchy] = 8;
    #####:   91:		state->supplyCount[province] = 8;
        -:   92:	}
        -:   93:	else
        -:   94:	{
    71010:   95:		state->supplyCount[estate] = 12;
    71010:   96:		state->supplyCount[duchy] = 12;
    71010:   97:		state->supplyCount[province] = 12;
        -:   98:	}
        -:   99:
        -:  100:	//set number of Treasure cards
    71010:  101:	state->supplyCount[copper] = 60 - (7 * numPlayers);
    71010:  102:	state->supplyCount[silver] = 40;
    71010:  103:	state->supplyCount[gold] = 30;
        -:  104:
        -:  105:	//set number of Kingdom cards
  1491210:  106:	for (i = adventurer; i <= treasure_map; i++)       	//loop all cards
        -:  107:	{
 11716650:  108:		for (j = 0; j < 10; j++)           		//loop chosen cards
        -:  109:		{
 11006550:  110:			if (kingdomCards[j] == i)
        -:  111:			{
        -:  112:				//check if card is a 'Victory' Kingdom card
   710100:  113:				if (kingdomCards[j] == great_hall || kingdomCards[j] == gardens)
        -:  114:				{
   284040:  115:					if (numPlayers == 2){ 
    #####:  116:						state->supplyCount[i] = 8; 
        -:  117:					}
   142020:  118:					else{ state->supplyCount[i] = 12; }
        -:  119:				}
        -:  120:				else
        -:  121:				{
   568080:  122:					state->supplyCount[i] = 10;
        -:  123:				}
   710100:  124:				break;
        -:  125:			}
        -:  126:			else    //card is not in the set choosen for the game
        -:  127:			{
 10296450:  128:				state->supplyCount[i] = -1;
        -:  129:			}
        -:  130:		}
        -:  131:
        -:  132:	}
        -:  133:
        -:  134:	////////////////////////
        -:  135:	//supply intilization complete
        -:  136:
        -:  137:	//set player decks
   355050:  138:	for (i = 0; i < numPlayers; i++)
        -:  139:	{
   284040:  140:		state->deckCount[i] = 0;
  1136160:  141:		for (j = 0; j < 3; j++)
        -:  142:		{
   852120:  143:			state->deck[i][j] = estate;
   852120:  144:			state->deckCount[i]++;
        -:  145:		}
  2272320:  146:		for (j = 3; j < 10; j++)
        -:  147:		{
  1988280:  148:			state->deck[i][j] = copper;
  1988280:  149:			state->deckCount[i]++;		
        -:  150:		}
        -:  151:	}
        -:  152:
        -:  153:	//shuffle player decks
   355050:  154:	for (i = 0; i < numPlayers; i++)
        -:  155:	{
   284040:  156:		if ( shuffle(i, state) < 0 )
        -:  157:		{
    #####:  158:			return -1;
        -:  159:		}
        -:  160:	}
        -:  161:
        -:  162:	//draw player hands
   355050:  163:	for (i = 0; i < numPlayers; i++)
        -:  164:	{  
        -:  165:		//initialize hand size to zero
   284040:  166:		state->handCount[i] = 0;
   284040:  167:		state->discardCount[i] = 0;
        -:  168:		//draw 5 cards
        -:  169:		// for (j = 0; j < 5; j++)
        -:  170:		//	{
        -:  171:		//	  drawCard(i, state);
        -:  172:		//	}
        -:  173:	}
        -:  174:
        -:  175:	//set embargo tokens to 0 for all supply piles
  1988280:  176:	for (i = 0; i <= treasure_map; i++)
        -:  177:	{
  1917270:  178:		state->embargoTokens[i] = 0;
        -:  179:	}
        -:  180:
        -:  181:	//initialize first player's turn
    71010:  182:	state->outpostPlayed = 0;
    71010:  183:	state->phase = 0;
    71010:  184:	state->numActions = 1;
    71010:  185:	state->numBuys = 1;
    71010:  186:	state->playedCardCount = 0;
    71010:  187:	state->whoseTurn = 0;
    71010:  188:	state->handCount[state->whoseTurn] = 0;
        -:  189:	//int it; move to top
        -:  190:
        -:  191:	//Moved draw cards to here, only drawing at the start of a turn
   426060:  192:	for (it = 0; it < 5; it++){
   355050:  193:		drawCard(state->whoseTurn, state);
        -:  194:	}
        -:  195:
    71010:  196:	updateCoins(state->whoseTurn, state, 0);
        -:  197:
    71010:  198:	return 0;
        -:  199:}
        -:  200:
   284074:  201:int shuffle(int player, struct gameState *state) {
        -:  202:
        -:  203:
        -:  204:	int newDeck[MAX_DECK];
   284074:  205:	int newDeckPos = 0;
        -:  206:	int card;
        -:  207:	int i;
        -:  208:
   284074:  209:	if (state->deckCount[player] < 1)
       34:  210:	return -1;
   284040:  211:	qsort ((void*)(state->deck[player]), state->deckCount[player], sizeof(int), compare); 
        -:  212:	/* SORT CARDS IN DECK TO ENSURE DETERMINISM! */
        -:  213:
  3408480:  214:	while (state->deckCount[player] > 0) {
  2840400:  215:		card = floor(Random() * state->deckCount[player]);
  2840400:  216:		newDeck[newDeckPos] = state->deck[player][card];
  2840400:  217:		newDeckPos++;
  9870390:  218:		for (i = card; i < state->deckCount[player]-1; i++) {
  7029990:  219:			state->deck[player][i] = state->deck[player][i+1];
        -:  220:		}
  2840400:  221:		state->deckCount[player]--;
        -:  222:	}
  3124440:  223:	for (i = 0; i < newDeckPos; i++) {
  2840400:  224:		state->deck[player][i] = newDeck[i];
  2840400:  225:		state->deckCount[player]++;
        -:  226:	}
        -:  227:
   284040:  228:	return 0;
        -:  229:}
        -:  230:
    #####:  231:int playCard(int handPos, int choice1, int choice2, int choice3, struct gameState *state) 
        -:  232:{	
        -:  233:	int card;
    #####:  234:	int coin_bonus = 0; 		//tracks coins gain from actions
        -:  235:
        -:  236:	//check if it is the right phase
    #####:  237:	if (state->phase != 0)
        -:  238:	{
    #####:  239:		return -1;
        -:  240:	}
        -:  241:	
        -:  242:	//check if player has enough actions
    #####:  243:	if ( state->numActions < 1 )
        -:  244:	{
    #####:  245:		return -1;
        -:  246:	}
        -:  247:	
        -:  248:	//get card played
    #####:  249:	card = handCard(handPos, state);
        -:  250:	
        -:  251:	//check if selected card is an action
    #####:  252:	if ( card < adventurer || card > treasure_map )
        -:  253:	{
    #####:  254:		return -1;
        -:  255:	}
        -:  256:	
        -:  257:	//play card
    #####:  258:	if ( cardEffect(card, choice1, choice2, choice3, state, handPos, &coin_bonus) < 0 )
        -:  259:	{
    #####:  260:		return -1;
        -:  261:	}
        -:  262:	
        -:  263:	//reduce number of actions
    #####:  264:	state->numActions--;
        -:  265:
        -:  266:	//update coins (Treasure cards may be added with card draws)
    #####:  267:	updateCoins(state->whoseTurn, state, coin_bonus);
        -:  268:	
    #####:  269:	return 0;
        -:  270:}
        -:  271:
    #####:  272:int buyCard(int supplyPos, struct gameState *state) {
        -:  273:	int who;
        -:  274:	if (DEBUG){
        -:  275:		printf("Entering buyCard...\n");
        -:  276:	}
        -:  277:
        -:  278:	// I don't know what to do about the phase thing.
        -:  279:
    #####:  280:	who = state->whoseTurn;
        -:  281:
    #####:  282:	if (state->numBuys < 1){
        -:  283:		if (DEBUG)
        -:  284:		printf("You do not have any buys left\n");
    #####:  285:		return -1;
    #####:  286:	} else if (supplyCount(supplyPos, state) <1){
        -:  287:		if (DEBUG)
        -:  288:		printf("There are not any of that type of card left\n");
    #####:  289:		return -1;
    #####:  290:	} else if (state->coins < getCost(supplyPos)){
        -:  291:		if (DEBUG) 
        -:  292:		printf("You do not have enough money to buy that. You have %d coins.\n", state->coins);
    #####:  293:		return -1;
        -:  294:	} else {
    #####:  295:		state->phase=1;
        -:  296:		//state->supplyCount[supplyPos]--;
    #####:  297:		gainCard(supplyPos, state, 0, who); //card goes in discard, this might be wrong.. (2 means goes into hand, 0 goes into discard)
        -:  298:
    #####:  299:		state->coins = (state->coins) - (getCost(supplyPos));
    #####:  300:		state->numBuys--;
        -:  301:		if (DEBUG)
        -:  302:		printf("You bought card number %d for %d coins. You now have %d buys and %d coins.\n", supplyPos, getCost(supplyPos), state->numBuys, state->coins);
        -:  303:	}
        -:  304:
        -:  305:	//state->discard[who][state->discardCount[who]] = supplyPos;
        -:  306:	//state->discardCount[who]++;
        -:  307:	
    #####:  308:	return 0;
        -:  309:}
        -:  310:
       80:  311:int numHandCards(struct gameState *state) {
       80:  312:	return state->handCount[ whoseTurn(state) ];
        -:  313:}
        -:  314:
       40:  315:int handCard(int handPos, struct gameState *state) {
       40:  316:	int currentPlayer = whoseTurn(state);
       40:  317:	return state->hand[currentPlayer][handPos];
        -:  318:}
        -:  319:
    #####:  320:int supplyCount(int card, struct gameState *state) {
    #####:  321:	return state->supplyCount[card];
        -:  322:}
        -:  323:
    70560:  324:int fullDeckCount(int player, int card, struct gameState *state) {
        -:  325:	int i;
    70560:  326:	int count = 0;
        -:  327:
   776160:  328:	for (i = 0; i < state->deckCount[player]; i++)
        -:  329:	{
   705600:  330:		if (state->deck[player][i] == card) count++;
        -:  331:	}
        -:  332:
   811440:  333:	for (i = 0; i < state->handCount[player]; i++)
        -:  334:	{
   740880:  335:		if (state->hand[player][i] == card) count++;
        -:  336:	}
        -:  337:
   776160:  338:	for (i = 0; i < state->discardCount[player]; i++)
        -:  339:	{
   705600:  340:		if (state->discard[player][i] == card) count++;
        -:  341:	}
        -:  342:
    70560:  343:	return count;
        -:  344:}
        -:  345:
      128:  346:int whoseTurn(struct gameState *state) {
      128:  347:	return state->whoseTurn;
        -:  348:}
        -:  349:
    #####:  350:int endTurn(struct gameState *state) {
        -:  351:	int k;
        -:  352:	int i;
    #####:  353:	int currentPlayer = whoseTurn(state);
        -:  354:
        -:  355:	//Discard hand
    #####:  356:	for (i = 0; i < state->handCount[currentPlayer]; i++){
    #####:  357:		state->discard[currentPlayer][state->discardCount[currentPlayer]++] = state->hand[currentPlayer][i];//Discard
    #####:  358:		state->hand[currentPlayer][i] = -1;//Set card to -1
        -:  359:	}
    #####:  360:	state->handCount[currentPlayer] = 0;//Reset hand count
        -:  361:	
        -:  362:	//Code for determining the player
    #####:  363:	if (currentPlayer < (state->numPlayers - 1)){ 
    #####:  364:		state->whoseTurn = currentPlayer + 1;//Still safe to increment
        -:  365:	}
        -:  366:	else{
    #####:  367:		state->whoseTurn = 0;//Max player has been reached, loop back around to player 1
        -:  368:	}
        -:  369:
    #####:  370:	state->outpostPlayed = 0;
    #####:  371:	state->phase = 0;
    #####:  372:	state->numActions = 1;
    #####:  373:	state->coins = 0;
    #####:  374:	state->numBuys = 1;
    #####:  375:	state->playedCardCount = 0;
    #####:  376:	state->handCount[state->whoseTurn] = 0;
        -:  377:
        -:  378:	//int k; move to top
        -:  379:	//Next player draws hand
    #####:  380:	for (k = 0; k < 5; k++){
    #####:  381:		drawCard(state->whoseTurn, state);//Draw a card
        -:  382:	}
        -:  383:
        -:  384:	//Update money
    #####:  385:	updateCoins(state->whoseTurn, state , 0);
        -:  386:
    #####:  387:	return 0;
        -:  388:}
        -:  389:
    #####:  390:int isGameOver(struct gameState *state) {
        -:  391:	int i;
        -:  392:	int j;
        -:  393:	
        -:  394:	//if stack of Province cards is empty, the game ends
    #####:  395:	if (state->supplyCount[province] == 0)
        -:  396:	{
    #####:  397:		return 1;
        -:  398:	}
        -:  399:
        -:  400:	//if three supply pile are at 0, the game ends
    #####:  401:	j = 0;
    #####:  402:	for (i = 0; i < 25; i++)
        -:  403:	{
    #####:  404:		if (state->supplyCount[i] == 0)
        -:  405:		{
    #####:  406:			j++;
        -:  407:		}
        -:  408:	}
    #####:  409:	if ( j >= 3)
        -:  410:	{
    #####:  411:		return 1;
        -:  412:	}
        -:  413:
    #####:  414:	return 0;
        -:  415:}
        -:  416:
    #####:  417:int scoreFor (int player, struct gameState *state) {
        -:  418:
        -:  419:	int i;
    #####:  420:	int score = 0;
        -:  421:	//score from hand
    #####:  422:	for (i = 0; i < state->handCount[player]; i++)
        -:  423:	{
    #####:  424:		if (state->hand[player][i] == curse) { score = score - 1; };
    #####:  425:		if (state->hand[player][i] == estate) { score = score + 1; };
    #####:  426:		if (state->hand[player][i] == duchy) { score = score + 3; };
    #####:  427:		if (state->hand[player][i] == province) { score = score + 6; };
    #####:  428:		if (state->hand[player][i] == great_hall) { score = score + 1; };
    #####:  429:		if (state->hand[player][i] == gardens) { score = score + ( fullDeckCount(player, 0, state) / 10 ); };
        -:  430:	}
        -:  431:
        -:  432:	//score from discard
    #####:  433:	for (i = 0; i < state->discardCount[player]; i++)
        -:  434:	{
    #####:  435:		if (state->discard[player][i] == curse) { score = score - 1; };
    #####:  436:		if (state->discard[player][i] == estate) { score = score + 1; };
    #####:  437:		if (state->discard[player][i] == duchy) { score = score + 3; };
    #####:  438:		if (state->discard[player][i] == province) { score = score + 6; };
    #####:  439:		if (state->discard[player][i] == great_hall) { score = score + 1; };
    #####:  440:		if (state->discard[player][i] == gardens) { score = score + ( fullDeckCount(player, 0, state) / 10 ); };
        -:  441:	}
        -:  442:
        -:  443:	//score from deck
    #####:  444:	for (i = 0; i < state->discardCount[player]; i++)
        -:  445:	{
    #####:  446:		if (state->deck[player][i] == curse) { score = score - 1; };
    #####:  447:		if (state->deck[player][i] == estate) { score = score + 1; };
    #####:  448:		if (state->deck[player][i] == duchy) { score = score + 3; };
    #####:  449:		if (state->deck[player][i] == province) { score = score + 6; };
    #####:  450:		if (state->deck[player][i] == great_hall) { score = score + 1; };
    #####:  451:		if (state->deck[player][i] == gardens) { score = score + ( fullDeckCount(player, 0, state) / 10 ); };
        -:  452:	}
        -:  453:
    #####:  454:	return score;
        -:  455:}
        -:  456:
    #####:  457:int getWinners(int players[MAX_PLAYERS], struct gameState *state) {
        -:  458:	int i;	
        -:  459:	int j;
        -:  460:	int highScore;
        -:  461:	int currentPlayer;
        -:  462:
        -:  463:	//get score for each player
    #####:  464:	for (i = 0; i < MAX_PLAYERS; i++)
        -:  465:	{
        -:  466:		//set unused player scores to -9999
    #####:  467:		if (i >= state->numPlayers)
        -:  468:		{
    #####:  469:			players[i] = -9999;
        -:  470:		}
        -:  471:		else
        -:  472:		{
    #####:  473:			players[i] = scoreFor (i, state);
        -:  474:		}
        -:  475:	}
        -:  476:
        -:  477:	//find highest score
    #####:  478:	j = 0;
    #####:  479:	for (i = 0; i < MAX_PLAYERS; i++)
        -:  480:	{
    #####:  481:		if (players[i] > players[j])
        -:  482:		{
    #####:  483:			j = i;
        -:  484:		}
        -:  485:	}
    #####:  486:	highScore = players[j];
        -:  487:
        -:  488:	//add 1 to players who had less turns
    #####:  489:	currentPlayer = whoseTurn(state);
    #####:  490:	for (i = 0; i < MAX_PLAYERS; i++)
        -:  491:	{
    #####:  492:		if ( players[i] == highScore && i > currentPlayer )
        -:  493:		{
    #####:  494:			players[i]++;
        -:  495:		}
        -:  496:	}
        -:  497:
        -:  498:	//find new highest score
    #####:  499:	j = 0;
    #####:  500:	for (i = 0; i < MAX_PLAYERS; i++)
        -:  501:	{
    #####:  502:		if ( players[i] > players[j] )
        -:  503:		{
    #####:  504:			j = i;
        -:  505:		}
        -:  506:	}
    #####:  507:	highScore = players[j];
        -:  508:
        -:  509:	//set winners in array to 1 and rest to 0
    #####:  510:	for (i = 0; i < MAX_PLAYERS; i++)
        -:  511:	{
    #####:  512:		if ( players[i] == highScore )
        -:  513:		{
    #####:  514:			players[i] = 1;
        -:  515:		}
        -:  516:		else
        -:  517:		{
    #####:  518:			players[i] = 0;
        -:  519:		}
        -:  520:	}
        -:  521:
    #####:  522:	return 0;
        -:  523:}
        -:  524:
   355089:  525:int drawCard(int player, struct gameState *state)
        -:  526:{	int count;
        -:  527:	int deckCounter;
   355089:  528:	if (state->deckCount[player] <= 0){//Deck is empty
        -:  529:		
        -:  530:		//Step 1 Shuffle the discard pile back into a deck
        -:  531:		int i;
        -:  532:		//Move discard to deck
       17:  533:		for (i = 0; i < state->discardCount[player];i++){
    #####:  534:			state->deck[player][i] = state->discard[player][i];
    #####:  535:			state->discard[player][i] = -1;
        -:  536:		}
        -:  537:
       17:  538:		state->deckCount[player] = state->discardCount[player];
       17:  539:		state->discardCount[player] = 0;//Reset discard
        -:  540:
        -:  541:		//Shufffle the deck
       17:  542:		shuffle(player, state);//Shuffle the deck up and make it so that we can draw
        -:  543:
        -:  544:		if (DEBUG){//Debug statements
        -:  545:			printf("Deck count now: %d\n", state->deckCount[player]);
        -:  546:		}
        -:  547:		
       17:  548:		state->discardCount[player] = 0;
        -:  549:
        -:  550:		//Step 2 Draw Card
       17:  551:		count = state->handCount[player];//Get current player's hand count
        -:  552:		
        -:  553:		if (DEBUG){//Debug statements
        -:  554:			printf("Current hand count: %d\n", count);
        -:  555:		}
        -:  556:		
       17:  557:		deckCounter = state->deckCount[player];//Create a holder for the deck count
        -:  558:
       17:  559:		if (deckCounter == 0)
       17:  560:		return -1;
        -:  561:
    #####:  562:		state->hand[player][count] = state->deck[player][deckCounter - 1];//Add card to hand
    #####:  563:		state->deckCount[player]--;
    #####:  564:		state->handCount[player]++;//Increment hand count
        -:  565:	}
        -:  566:
        -:  567:	else{
   355072:  568:		int count = state->handCount[player];//Get current hand count for player
        -:  569:		int deckCounter;
        -:  570:		if (DEBUG){//Debug statements
        -:  571:			printf("Current hand count: %d\n", count);
        -:  572:		}
        -:  573:
   355072:  574:		deckCounter = state->deckCount[player];//Create holder for the deck count
   355072:  575:		state->hand[player][count] = state->deck[player][deckCounter - 1];//Add card to the hand
   355072:  576:		state->deckCount[player]--;
   355072:  577:		state->handCount[player]++;//Increment hand count
        -:  578:	}
        -:  579:
   355072:  580:	return 0;
        -:  581:}
        -:  582:
    #####:  583:int getCost(int cardNumber)
        -:  584:{
    #####:  585:	switch( cardNumber ) 
        -:  586:	{
        -:  587:	case curse:
    #####:  588:		return 0;
        -:  589:	case estate:
    #####:  590:		return 2;
        -:  591:	case duchy:
    #####:  592:		return 5;
        -:  593:	case province:
    #####:  594:		return 8;
        -:  595:	case copper:
    #####:  596:		return 0;
        -:  597:	case silver:
    #####:  598:		return 3;
        -:  599:	case gold:
    #####:  600:		return 6;
        -:  601:	case adventurer:
    #####:  602:		return 6;
        -:  603:	case council_room:
    #####:  604:		return 5;
        -:  605:	case feast:
    #####:  606:		return 4;
        -:  607:	case gardens:
    #####:  608:		return 4;
        -:  609:	case mine:
    #####:  610:		return 5;
        -:  611:	case remodel:
    #####:  612:		return 4;
        -:  613:	case smithy:
    #####:  614:		return 4;
        -:  615:	case village:
    #####:  616:		return 3;
        -:  617:	case baron:
    #####:  618:		return 4;
        -:  619:	case great_hall:
    #####:  620:		return 3;
        -:  621:	case minion:
    #####:  622:		return 5;
        -:  623:	case steward:
    #####:  624:		return 3;
        -:  625:	case tribute:
    #####:  626:		return 5;
        -:  627:	case ambassador:
    #####:  628:		return 3;
        -:  629:	case cutpurse:
    #####:  630:		return 4;
        -:  631:	case embargo: 
    #####:  632:		return 2;
        -:  633:	case outpost:
    #####:  634:		return 5;
        -:  635:	case salvager:
    #####:  636:		return 4;
        -:  637:	case sea_hag:
    #####:  638:		return 4;
        -:  639:	case treasure_map:
    #####:  640:		return 4;
        -:  641:	}
        -:  642:	
    #####:  643:	return -1;
        -:  644:}
        -:  645:
        1:  646:void smithyEffect(struct gameState *state, int handPos, int currentPlayer){
        -:  647:	int i;
        5:  648:	for (i = 0; i < 4; i++)
        -:  649:		{
        4:  650:			drawCard(currentPlayer, state);
        -:  651:		}
        -:  652:		
        -:  653:		//discard card from hand
        1:  654:		discardCard(handPos, currentPlayer, state, 0);
        1:  655:}
        -:  656:
        5:  657:void adventurerEffect(struct gameState *state, int currentPlayer, int drawntreasure, int *temphand, int z){
        -:  658:
       43:  659:	while(drawntreasure<2){
        -:  660:			int cardDrawn;
       33:  661:			if (state->deckCount[currentPlayer] <1){//if the deck is empty we need to shuffle discard and add to deck
       17:  662:				shuffle(currentPlayer, state);
        -:  663:			}
       33:  664:			drawCard(currentPlayer, state);
       33:  665:			cardDrawn = state->hand[currentPlayer][state->handCount[currentPlayer]-1];//top card of hand is most recently drawn card.
       33:  666:			if (cardDrawn == copper || cardDrawn == silver)
       10:  667:			drawntreasure++;
        -:  668:			else{
       23:  669:				temphand[z]=cardDrawn;
       23:  670:				state->handCount[currentPlayer]--; //this should just remove the top card (the most recently drawn one).
       23:  671:				z++;
        -:  672:			}
        -:  673:		}
       33:  674:		while(z-1>=0){
       23:  675:			state->discard[currentPlayer][state->discardCount[currentPlayer]++]=temphand[z-1]; // discard all cards in play that have been drawn
       23:  676:			z=z-1;
        -:  677:		}
        5:  678:}
        -:  679:
    #####:  680:void tributeEffect(struct gameState *state, int *tributeRevealedCards, int nextPlayer, int currentPlayer){
        -:  681:	int i;
    #####:  682:	if ((state->discardCount[nextPlayer] + state->deckCount[nextPlayer]) <= 1){
    #####:  683:			if (state->deckCount[nextPlayer] > 0){
    #####:  684:				tributeRevealedCards[0] = state->deck[nextPlayer][state->deckCount[nextPlayer]-1];
    #####:  685:				state->deckCount[nextPlayer]--;
        -:  686:			}
    #####:  687:			else if (state->discardCount[nextPlayer] > 0){
    #####:  688:				tributeRevealedCards[0] = state->discard[nextPlayer][state->discardCount[nextPlayer]-1];
    #####:  689:				state->discardCount[nextPlayer]--;
        -:  690:			}
        -:  691:			else{
        -:  692:				//No Card to Reveal
        -:  693:				if (DEBUG){
        -:  694:					printf("No cards to reveal\n");
        -:  695:				}
        -:  696:			}
        -:  697:		}
        -:  698:		
        -:  699:		else{
    #####:  700:			if (state->deckCount[nextPlayer] == 0){
    #####:  701:				for (i = 0; i < state->discardCount[nextPlayer]; i++){
    #####:  702:					state->deck[nextPlayer][i] = state->discard[nextPlayer][i];//Move to deck
    #####:  703:					state->deckCount[nextPlayer]++;
    #####:  704:					state->discard[nextPlayer][i] = -1;
    #####:  705:					state->discardCount[nextPlayer]--;
        -:  706:				}
        -:  707:				
    #####:  708:				shuffle(nextPlayer,state);//Shuffle the deck
        -:  709:			} 
    #####:  710:			tributeRevealedCards[0] = state->deck[nextPlayer][state->deckCount[nextPlayer]-1];
    #####:  711:			state->deck[nextPlayer][state->deckCount[nextPlayer]--] = -1;
    #####:  712:			state->deckCount[nextPlayer]--;
    #####:  713:			tributeRevealedCards[1] = state->deck[nextPlayer][state->deckCount[nextPlayer]-1];
    #####:  714:			state->deck[nextPlayer][state->deckCount[nextPlayer]--] = -1;
    #####:  715:			state->deckCount[nextPlayer]--;
        -:  716:		}    
        -:  717:		
    #####:  718:		if (tributeRevealedCards[0] == tributeRevealedCards[1]){//If we have a duplicate card, just drop one 
    #####:  719:			state->playedCards[state->playedCardCount] = tributeRevealedCards[1];
    #####:  720:			state->playedCardCount++;
    #####:  721:			tributeRevealedCards[1] = -1;
        -:  722:		}
        -:  723:
    #####:  724:		for (i = 0; i <= 2; i ++){
    #####:  725:			if (tributeRevealedCards[i] == copper || tributeRevealedCards[i] == silver || tributeRevealedCards[i] == gold){//Treasure cards
    #####:  726:				state->coins += 2;
        -:  727:			}
        -:  728:			
    #####:  729:			else if (tributeRevealedCards[i] == estate || tributeRevealedCards[i] == duchy || tributeRevealedCards[i] == province || tributeRevealedCards[i] == gardens || tributeRevealedCards[i] == great_hall){//Victory Card Found
    #####:  730:				drawCard(currentPlayer, state);
    #####:  731:				drawCard(currentPlayer, state);
        -:  732:			}
        -:  733:			else{//Action Card
    #####:  734:				state->numActions = state->numActions + 2;
        -:  735:			}
        -:  736:		}
    #####:  737:}
        -:  738:
    #####:  739:void stewardEffect(int choice1, int choice2, int choice3, struct gameState *state, int handPos, int currentPlayer){
    #####:  740:	if (choice1 == 1)
        -:  741:		{
        -:  742:			//+2 cards
    #####:  743:			drawCard(currentPlayer, state);
    #####:  744:			drawCard(currentPlayer, state);
        -:  745:		}
    #####:  746:		else if (choice1 == 2)
        -:  747:		{
        -:  748:			//+2 coins
    #####:  749:			state->coins = state->coins + 1;
        -:  750:		}
        -:  751:		else
        -:  752:		{
        -:  753:			//trash 2 cards in hand
    #####:  754:			discardCard(choice2, currentPlayer, state, 1);
    #####:  755:			discardCard(choice3, currentPlayer, state, 1);
        -:  756:		}
        -:  757:		
        -:  758:		//discard card from hand
    #####:  759:		discardCard(handPos, currentPlayer, state, 0);
    #####:  760:}
        -:  761:
    #####:  762:void cutpurseEffect(struct gameState *state, int handPos, int *bonus, int currentPlayer){ 
        -:  763:	int i;
        -:  764:	int j;
        -:  765:	int k;
    #####:  766:	updateCoins(currentPlayer, state, 2);
    #####:  767:		for (i = 0; i < state->numPlayers - 1; i++)
        -:  768:		{
    #####:  769:			if (i != currentPlayer)
        -:  770:			{
    #####:  771:				for (j = 0; j < state->handCount[i]; j++)  
        -:  772:				{
    #####:  773:					if (state->hand[i][j] == copper)
        -:  774:					{
    #####:  775:						discardCard(j, i, state, 0);
    #####:  776:						break;
        -:  777:					}
    #####:  778:					if (j == state->handCount[i])
        -:  779:					{
    #####:  780:						for (k = 0; k < state->handCount[i]; k++)
        -:  781:						{
        -:  782:							if (DEBUG)
        -:  783:							printf("Player %d reveals card number %d\n", i, state->hand[i][k]);
        -:  784:						}	
    #####:  785:						break;
        -:  786:					}		
        -:  787:				}
        -:  788:				
        -:  789:			}
        -:  790:			
        -:  791:		}				
        -:  792:
        -:  793:		//discard played card from hand
    #####:  794:		discardCard(handPos, currentPlayer, state, 0);		
        -:  795:			
    #####:  796:}
        -:  797:
        8:  798:int cardEffect(int card, int choice1, int choice2, int choice3, struct gameState *state, int handPos, int *bonus)
        -:  799:{
        -:  800:	int i;
        -:  801:	int j;
        -:  802:	//int k;
        -:  803:	int x;
        -:  804:	int index;
        8:  805:	int currentPlayer = whoseTurn(state);
        8:  806:	int nextPlayer = currentPlayer + 1;
        -:  807:
        8:  808:	int tributeRevealedCards[2] = {-1, -1};
        -:  809:	int temphand[MAX_HAND];// moved above the if statement
        8:  810:	int drawntreasure=0;
        -:  811:	//int cardDrawn;
        8:  812:	int z = 0;// this is the counter for the temp hand
        8:  813:	if (nextPlayer > (state->numPlayers - 1)){
    #####:  814:		nextPlayer = 0;
        -:  815:	}
        -:  816:
        -:  817:	
        -:  818:	//uses switch to select card and perform actions
        8:  819:	switch( card ) 
        -:  820:	{
        -:  821:	case adventurer:
        5:  822:		adventurerEffect(state, currentPlayer, drawntreasure, temphand, z);
        5:  823:		return 0;
        -:  824:		
        -:  825:	case council_room:
        -:  826:		//+4 Cards
    #####:  827:		for (i = 0; i < 4; i++)
        -:  828:		{
    #####:  829:			drawCard(currentPlayer, state);
        -:  830:		}
        -:  831:		
        -:  832:		//+1 Buy
    #####:  833:		state->numBuys++;
        -:  834:		
        -:  835:		//Each other player draws a card
    #####:  836:		for (i = 0; i < state->numPlayers; i++)
        -:  837:		{
    #####:  838:			if ( i != currentPlayer )
        -:  839:			{
    #####:  840:				drawCard(i, state);
        -:  841:			}
        -:  842:		}
        -:  843:		
        -:  844:		//put played card in played card pile
    #####:  845:		discardCard(handPos, currentPlayer, state, 0);
        -:  846:		
    #####:  847:		return 0;
        -:  848:		
        -:  849:	case feast:
        -:  850:		//gain card with cost up to 5
        -:  851:		//Backup hand
    #####:  852:		for (i = 0; i <= state->handCount[currentPlayer]; i++){
    #####:  853:			temphand[i] = state->hand[currentPlayer][i];//Backup card
    #####:  854:			state->hand[currentPlayer][i] = -1;//Set to nothing
        -:  855:		}
        -:  856:		//Backup hand
        -:  857:
        -:  858:		//Update Coins for Buy
    #####:  859:		updateCoins(currentPlayer, state, 5);
    #####:  860:		x = 1;//Condition to loop on
    #####:  861:		while( x == 1) {//Buy one card
    #####:  862:			if (supplyCount(choice1, state) <= 0){
        -:  863:				if (DEBUG)
        -:  864:				printf("None of that card left, sorry!\n");
        -:  865:
        -:  866:				if (DEBUG){
        -:  867:					printf("Cards Left: %d\n", supplyCount(choice1, state));
        -:  868:				}
        -:  869:			}
    #####:  870:			else if (state->coins < getCost(choice1)){
    #####:  871:				printf("That card is too expensive!\n");
        -:  872:
        -:  873:				if (DEBUG){
        -:  874:					printf("Coins: %d < %d\n", state->coins, getCost(choice1));
        -:  875:				}
        -:  876:			}
        -:  877:			else{
        -:  878:
        -:  879:				if (DEBUG){
        -:  880:					printf("Deck Count: %d\n", state->handCount[currentPlayer] + state->deckCount[currentPlayer] + state->discardCount[currentPlayer]);
        -:  881:				}
        -:  882:
    #####:  883:				gainCard(choice1, state, 0, currentPlayer);//Gain the card
    #####:  884:				x = 0;//No more buying cards
        -:  885:
        -:  886:				if (DEBUG){
        -:  887:					printf("Deck Count: %d\n", state->handCount[currentPlayer] + state->deckCount[currentPlayer] + state->discardCount[currentPlayer]);
        -:  888:				}
        -:  889:
        -:  890:			}
        -:  891:		}     
        -:  892:
        -:  893:		//Reset Hand
    #####:  894:		for (i = 0; i <= state->handCount[currentPlayer]; i++){
    #####:  895:			state->hand[currentPlayer][i] = temphand[i];
    #####:  896:			temphand[i] = -1;
        -:  897:		}
        -:  898:		//Reset Hand
        -:  899:		
    #####:  900:		return 0;
        -:  901:		
        -:  902:	case gardens:
    #####:  903:		return -1;
        -:  904:		
        -:  905:	case mine:
    #####:  906:		j = state->hand[currentPlayer][choice1];  //store card we will trash
        -:  907:
    #####:  908:		if (state->hand[currentPlayer][choice1] < copper || state->hand[currentPlayer][choice1] > gold)
        -:  909:		{
    #####:  910:			return -1;
        -:  911:		}
        -:  912:		
    #####:  913:		if (choice2 > treasure_map || choice2 < curse)
        -:  914:		{
    #####:  915:			return -1;
        -:  916:		}
        -:  917:
    #####:  918:		if ( (getCost(state->hand[currentPlayer][choice1]) + 3) > getCost(choice2) )
        -:  919:		{
    #####:  920:			return -1;
        -:  921:		}
        -:  922:
    #####:  923:		gainCard(choice2, state, 2, currentPlayer);
        -:  924:
        -:  925:		//discard card from hand
    #####:  926:		discardCard(handPos, currentPlayer, state, 0);
        -:  927:
        -:  928:		//discard trashed card
    #####:  929:		for (i = 0; i < state->handCount[currentPlayer]; i++)
        -:  930:		{
    #####:  931:			if (state->hand[currentPlayer][i] == j)
        -:  932:			{
    #####:  933:				discardCard(i, currentPlayer, state, 0);			
    #####:  934:				break;
        -:  935:			}
        -:  936:		}
        -:  937:		
    #####:  938:		return 0;
        -:  939:		
        -:  940:	case remodel:
    #####:  941:		j = state->hand[currentPlayer][choice1];  //store card we will trash
        -:  942:
    #####:  943:		if ( (getCost(state->hand[currentPlayer][choice1]) + 2) > getCost(choice2) )
        -:  944:		{
    #####:  945:			return -1;
        -:  946:		}
        -:  947:
    #####:  948:		gainCard(choice2, state, 0, currentPlayer);
        -:  949:
        -:  950:		//discard card from hand
    #####:  951:		discardCard(handPos, currentPlayer, state, 0);
        -:  952:
        -:  953:		//discard trashed card
    #####:  954:		for (i = 0; i < state->handCount[currentPlayer]; i++)
        -:  955:		{
    #####:  956:			if (state->hand[currentPlayer][i] == j)
        -:  957:			{
    #####:  958:				discardCard(i, currentPlayer, state, 0);			
    #####:  959:				break;
        -:  960:			}
        -:  961:		}
        -:  962:
        -:  963:
    #####:  964:		return 0;
        -:  965:		
        -:  966:	case smithy:
        -:  967:		//+3 Cards
        1:  968:		smithyEffect(state, handPos, currentPlayer);
        1:  969:		return 0;
        -:  970:		
        -:  971:	case village:
        -:  972:		//+1 Card
        1:  973:		drawCard(currentPlayer, state);
        -:  974:		
        -:  975:		//+2 Actions
        1:  976:		state->numActions = state->numActions + 2;
        -:  977:		
        -:  978:		//discard played card from hand
        1:  979:		discardCard(handPos, currentPlayer, state, 0);
        1:  980:		return 0;
        -:  981:		
        -:  982:	case baron:
    #####:  983:		state->numBuys++;//Increase buys by 1!
    #####:  984:		if (choice1 > 0){//Boolean true or going to discard an estate
    #####:  985:			int p = 0;//Iterator for hand!
    #####:  986:			int card_not_discarded = 1;//Flag for discard set!
    #####:  987:			while(card_not_discarded){
    #####:  988:				if (state->hand[currentPlayer][p] == estate){//Found an estate card!
    #####:  989:					state->coins += 4;//Add 4 coins to the amount of coins
    #####:  990:					state->discard[currentPlayer][state->discardCount[currentPlayer]] = state->hand[currentPlayer][p];
    #####:  991:					state->discardCount[currentPlayer]++;
    #####:  992:					for (;p < state->handCount[currentPlayer]; p++){
    #####:  993:						state->hand[currentPlayer][p] = state->hand[currentPlayer][p+1];
        -:  994:					}
    #####:  995:					state->hand[currentPlayer][state->handCount[currentPlayer]] = -1;
    #####:  996:					state->handCount[currentPlayer]--;
    #####:  997:					card_not_discarded = 0;//Exit the loop
        -:  998:				}
    #####:  999:				else if (p > state->handCount[currentPlayer]){
        -: 1000:					if(DEBUG) {
        -: 1001:						printf("No estate cards in your hand, invalid choice\n");
        -: 1002:						printf("Must gain an estate if there are any\n");
        -: 1003:					}
    #####: 1004:					if (supplyCount(estate, state) > 0){
    #####: 1005:						gainCard(estate, state, 0, currentPlayer);
    #####: 1006:						state->supplyCount[estate]--;//Decrement estates
    #####: 1007:						if (supplyCount(estate, state) == 0){
    #####: 1008:							isGameOver(state);
        -: 1009:						}
        -: 1010:					}
    #####: 1011:					card_not_discarded = 0;//Exit the loop
        -: 1012:				}
        -: 1013:				
        -: 1014:				else{
    #####: 1015:					p++;//Next card
        -: 1016:				}
        -: 1017:			}
        -: 1018:		}
        -: 1019:		
        -: 1020:		else{
    #####: 1021:			if (supplyCount(estate, state) > 0){
    #####: 1022:				gainCard(estate, state, 0, currentPlayer);//Gain an estate
    #####: 1023:				state->supplyCount[estate]--;//Decrement Estates
    #####: 1024:				if (supplyCount(estate, state) == 0){
    #####: 1025:					isGameOver(state);
        -: 1026:				}
        -: 1027:			}
        -: 1028:		}
        -: 1029:		
        -: 1030:		
    #####: 1031:		return 0;
        -: 1032:		
        -: 1033:	case great_hall:
        -: 1034:		//+1 Card
        1: 1035:		drawCard(currentPlayer, state);
        -: 1036:		
        -: 1037:		//+1 Actions
        1: 1038:		state->numActions++;
        -: 1039:		
        -: 1040:		//discard card from hand
        1: 1041:		discardCard(handPos, currentPlayer, state, 0);
        1: 1042:		return 0;
        -: 1043:		
        -: 1044:	case minion:
        -: 1045:		//+1 action
    #####: 1046:		state->numActions++;
        -: 1047:		
        -: 1048:		//discard card from hand
    #####: 1049:		discardCard(handPos, currentPlayer, state, 0);
        -: 1050:		
    #####: 1051:		if (choice1)		//+2 coins
        -: 1052:		{
    #####: 1053:			state->coins = state->coins + 2;
        -: 1054:		}
        -: 1055:		
    #####: 1056:		else if (choice2)		//discard hand, redraw 4, other players with 5+ cards discard hand and draw 4
        -: 1057:		{
        -: 1058:			//discard hand
    #####: 1059:			while(numHandCards(state) > 0)
        -: 1060:			{
    #####: 1061:				discardCard(handPos, currentPlayer, state, 0);
        -: 1062:			}
        -: 1063:			
        -: 1064:			//draw 4
    #####: 1065:			for (i = 0; i < 4; i++)
        -: 1066:			{
    #####: 1067:				drawCard(currentPlayer, state);
        -: 1068:			}
        -: 1069:			
        -: 1070:			//other players discard hand and redraw if hand size > 4
    #####: 1071:			for (i = 0; i < state->numPlayers; i++)
        -: 1072:			{
    #####: 1073:				if (i != currentPlayer)
        -: 1074:				{
    #####: 1075:					if ( state->handCount[i] > 4 )
        -: 1076:					{
        -: 1077:						//discard hand
    #####: 1078:						while( state->handCount[i] > 0 )
        -: 1079:						{
    #####: 1080:							discardCard(handPos, i, state, 0);
        -: 1081:						}
        -: 1082:						
        -: 1083:						//draw 4
    #####: 1084:						for (j = 0; j < 4; j++)
        -: 1085:						{
    #####: 1086:							drawCard(i, state);
        -: 1087:						}
        -: 1088:					}
        -: 1089:				}
        -: 1090:			}
        -: 1091:			
        -: 1092:		}
    #####: 1093:		return 0;
        -: 1094:		
        -: 1095:	case steward:
    #####: 1096:		stewardEffect(choice1, choice2, choice3, state, handPos, currentPlayer);
    #####: 1097:		if (choice1 == 1)
        -: 1098:		{
        -: 1099:			//+2 cards
    #####: 1100:			drawCard(currentPlayer, state);
    #####: 1101:			drawCard(currentPlayer, state);
        -: 1102:		}
    #####: 1103:		else if (choice1 == 2)
        -: 1104:		{
        -: 1105:			//+2 coins
    #####: 1106:			state->coins = state->coins + 2;
        -: 1107:		}
        -: 1108:		else
        -: 1109:		{
        -: 1110:			//trash 2 cards in hand
    #####: 1111:			discardCard(choice2, currentPlayer, state, 1);
    #####: 1112:			discardCard(choice3, currentPlayer, state, 1);
        -: 1113:		}
        -: 1114:		
        -: 1115:		//discard card from hand
    #####: 1116:		discardCard(handPos, currentPlayer, state, 0);
    #####: 1117:		return 0;
        -: 1118:		
        -: 1119:	case tribute:
    #####: 1120:		tributeEffect(state, tributeRevealedCards, nextPlayer, currentPlayer);
    #####: 1121:		return 0;
        -: 1122:		
        -: 1123:	case ambassador:
    #####: 1124:		j = 0;		//used to check if player has enough cards to discard
        -: 1125:
    #####: 1126:		if (choice2 > 2 || choice2 < 0)
        -: 1127:		{
    #####: 1128:			return -1;				
        -: 1129:		}
        -: 1130:
    #####: 1131:		if (choice1 == handPos)
        -: 1132:		{
    #####: 1133:			return -1;
        -: 1134:		}
        -: 1135:
    #####: 1136:		for (i = 0; i < state->handCount[currentPlayer]; i++)
        -: 1137:		{
    #####: 1138:			if (i != handPos && i == state->hand[currentPlayer][choice1] && i != choice1)
        -: 1139:			{
    #####: 1140:				j++;
        -: 1141:			}
        -: 1142:		}
    #####: 1143:		if (j < choice2)
        -: 1144:		{
    #####: 1145:			return -1;				
        -: 1146:		}
        -: 1147:
        -: 1148:		if (DEBUG) 
        -: 1149:		printf("Player %d reveals card number: %d\n", currentPlayer, state->hand[currentPlayer][choice1]);
        -: 1150:
        -: 1151:		//increase supply count for choosen card by amount being discarded
    #####: 1152:		state->supplyCount[state->hand[currentPlayer][choice1]] += choice2;
        -: 1153:		
        -: 1154:		//each other player gains a copy of revealed card
    #####: 1155:		for (i = 0; i < state->numPlayers; i++)
        -: 1156:		{
    #####: 1157:			if (i != currentPlayer)
        -: 1158:			{
    #####: 1159:				gainCard(state->hand[currentPlayer][choice1], state, 0, i);
        -: 1160:			}
        -: 1161:		}
        -: 1162:
        -: 1163:		//discard played card from hand
    #####: 1164:		discardCard(handPos, currentPlayer, state, 0);			
        -: 1165:
        -: 1166:		//trash copies of cards returned to supply
    #####: 1167:		for (j = 0; j < choice2; j++)
        -: 1168:		{
    #####: 1169:			for (i = 0; i < state->handCount[currentPlayer]; i++)
        -: 1170:			{
    #####: 1171:				if (state->hand[currentPlayer][i] == state->hand[currentPlayer][choice1])
        -: 1172:				{
    #####: 1173:					discardCard(i, currentPlayer, state, 1);
    #####: 1174:					break;
        -: 1175:				}
        -: 1176:			}
        -: 1177:		}			
        -: 1178:
    #####: 1179:		return 0;
        -: 1180:		
        -: 1181:	case cutpurse:
    #####: 1182:		cutpurseEffect(state, handPos, bonus, currentPlayer);
    #####: 1183:		return 0;
        -: 1184:
        -: 1185:		
        -: 1186:	case embargo: 
        -: 1187:		//+2 Coins
    #####: 1188:		state->coins = state->coins + 2;
        -: 1189:		
        -: 1190:		//see if selected pile is in play
    #####: 1191:		if ( state->supplyCount[choice1] == -1 )
        -: 1192:		{
    #####: 1193:			return -1;
        -: 1194:		}
        -: 1195:		
        -: 1196:		//add embargo token to selected supply pile
    #####: 1197:		state->embargoTokens[choice1]++;
        -: 1198:		
        -: 1199:		//trash card
    #####: 1200:		discardCard(handPos, currentPlayer, state, 1);		
    #####: 1201:		return 0;
        -: 1202:		
        -: 1203:	case outpost:
        -: 1204:		//set outpost flag
    #####: 1205:		state->outpostPlayed++;
        -: 1206:		
        -: 1207:		//discard card
    #####: 1208:		discardCard(handPos, currentPlayer, state, 0);
    #####: 1209:		return 0;
        -: 1210:		
        -: 1211:	case salvager:
        -: 1212:		//+1 buy
    #####: 1213:		state->numBuys++;
        -: 1214:		
    #####: 1215:		if (choice1)
        -: 1216:		{
        -: 1217:			//gain coins equal to trashed card
    #####: 1218:			state->coins = state->coins + getCost( handCard(choice1, state) );
        -: 1219:			//trash card
    #####: 1220:			discardCard(choice1, currentPlayer, state, 1);	
        -: 1221:		}
        -: 1222:		
        -: 1223:		//discard card
    #####: 1224:		discardCard(handPos, currentPlayer, state, 0);
    #####: 1225:		return 0;
        -: 1226:		
        -: 1227:	case sea_hag:
    #####: 1228:		for (i = 0; i < state->numPlayers; i++){
    #####: 1229:			if (i != currentPlayer){
    #####: 1230:				state->discard[i][state->discardCount[i]] = state->deck[i][state->deckCount[i]--];			    state->deckCount[i]--;
    #####: 1231:				state->discardCount[i]++;
    #####: 1232:				state->deck[i][state->deckCount[i]--] = curse;//Top card now a curse
        -: 1233:			}
        -: 1234:		}
    #####: 1235:		return 0;
        -: 1236:		
        -: 1237:	case treasure_map:
        -: 1238:		//search hand for another treasure_map
    #####: 1239:		index = -1;
    #####: 1240:		for (i = 0; i < state->handCount[currentPlayer]; i++)
        -: 1241:		{
    #####: 1242:			if (state->hand[currentPlayer][i] == treasure_map && i != handPos)
        -: 1243:			{
    #####: 1244:				index = i;
    #####: 1245:				break;
        -: 1246:			}
        -: 1247:		}
    #####: 1248:		if (index > -1)
        -: 1249:		{
        -: 1250:			//trash both treasure cards
    #####: 1251:			discardCard(handPos, currentPlayer, state, 1);
    #####: 1252:			discardCard(index, currentPlayer, state, 1);
        -: 1253:
        -: 1254:			//gain 4 Gold cards
    #####: 1255:			for (i = 0; i < 4; i++)
        -: 1256:			{
    #####: 1257:				gainCard(gold, state, 1, currentPlayer);
        -: 1258:			}
        -: 1259:			
        -: 1260:			//return success
    #####: 1261:			return 1;
        -: 1262:		}
        -: 1263:		
        -: 1264:		//no second treasure_map found in hand
    #####: 1265:		return -1;
        -: 1266:	}
        -: 1267:	
    #####: 1268:	return -1;
        -: 1269:}
        -: 1270:
        -: 1271:
      443: 1272:int discardCard(int handPos, int currentPlayer, struct gameState *state, int trashFlag)
        -: 1273:{
        -: 1274:	
        -: 1275:	//if card is not trashed, added to Played pile 
      443: 1276:	if (trashFlag < 1)
        -: 1277:	{
        -: 1278:		//add card to played pile
      223: 1279:		state->playedCards[state->playedCardCount] = state->hand[currentPlayer][handPos]; 
      223: 1280:		state->playedCardCount++;
        -: 1281:	}
        -: 1282:	
        -: 1283:	//set played card to -1
      443: 1284:	state->hand[currentPlayer][handPos] = -1;
        -: 1285:	
        -: 1286:	//remove card from player's hand
      443: 1287:	if ( handPos == (state->handCount[currentPlayer] - 1) ) 	//last card in hand array is played
        -: 1288:	{
        -: 1289:		//reduce number of cards in hand
       80: 1290:		state->handCount[currentPlayer]--;
        -: 1291:	}
      363: 1292:	else if ( state->handCount[currentPlayer] == 1 ) //only one card in hand
        -: 1293:	{
        -: 1294:		//reduce number of cards in hand
    #####: 1295:		state->handCount[currentPlayer]--;
        -: 1296:	}
        -: 1297:	else 	
        -: 1298:	{
        -: 1299:		//replace discarded card with last card in hand
      363: 1300:		state->hand[currentPlayer][handPos] = state->hand[currentPlayer][ (state->handCount[currentPlayer] - 1)];
        -: 1301:		//set last card to -1
      363: 1302:		state->hand[currentPlayer][state->handCount[currentPlayer] - 1] = -1;
        -: 1303:		//reduce number of cards in hand
      363: 1304:		state->handCount[currentPlayer]--;
        -: 1305:	}
        -: 1306:	
      443: 1307:	return 0;
        -: 1308:}
        -: 1309:
    #####: 1310:int gainCard(int supplyPos, struct gameState *state, int toFlag, int player)
        -: 1311:{
        -: 1312:	//Note: supplyPos is enum of choosen card
        -: 1313:	
        -: 1314:	//check if supply pile is empty (0) or card is not used in game (-1)
    #####: 1315:	if ( supplyCount(supplyPos, state) < 1 )
        -: 1316:	{
    #####: 1317:		return -1;
        -: 1318:	}
        -: 1319:	
        -: 1320:	//added card for [whoseTurn] current player:
        -: 1321:	// toFlag = 0 : add to discard
        -: 1322:	// toFlag = 1 : add to deck
        -: 1323:	// toFlag = 2 : add to hand
        -: 1324:
    #####: 1325:	if (toFlag == 1)
        -: 1326:	{
    #####: 1327:		state->deck[ player ][ state->deckCount[player] ] = supplyPos;
    #####: 1328:		state->deckCount[player]++;
        -: 1329:	}
    #####: 1330:	else if (toFlag == 2)
        -: 1331:	{
    #####: 1332:		state->hand[ player ][ state->handCount[player] ] = supplyPos;
    #####: 1333:		state->handCount[player]++;
        -: 1334:	}
        -: 1335:	else
        -: 1336:	{
    #####: 1337:		state->discard[player][ state->discardCount[player] ] = supplyPos;
    #####: 1338:		state->discardCount[player]++;
        -: 1339:	}
        -: 1340:	
        -: 1341:	//decrease number in supply pile
    #####: 1342:	state->supplyCount[supplyPos]--;
        -: 1343:	
    #####: 1344:	return 0;
        -: 1345:}
        -: 1346:
    71010: 1347:int updateCoins(int player, struct gameState *state, int bonus)
        -: 1348:{
        -: 1349:	int i;
        -: 1350:	
        -: 1351:	//reset coin count
    71010: 1352:	state->coins = 0;
        -: 1353:
        -: 1354:	//add coins for each Treasure card in player's hand
   426060: 1355:	for (i = 0; i < state->handCount[player]; i++)
        -: 1356:	{
   355050: 1357:		if (state->hand[player][i] == copper)
        -: 1358:		{
   284040: 1359:			state->coins += 1;
        -: 1360:		}
    71010: 1361:		else if (state->hand[player][i] == silver)
        -: 1362:		{
    #####: 1363:			state->coins += 2;
        -: 1364:		}
    71010: 1365:		else if (state->hand[player][i] == gold)
        -: 1366:		{
    #####: 1367:			state->coins += 3;
        -: 1368:		}	
        -: 1369:	}	
        -: 1370:
        -: 1371:	//add bonus
    71010: 1372:	state->coins += bonus;
        -: 1373:
    71010: 1374:	return 0;
        -: 1375:}
        -: 1376:
        -: 1377:
        -: 1378://end of dominion.c
        -: 1379:
